android-app/build/outputs/mapping/release/seeds.txt
app.netlify.misencillo.twa.DelegationService
app.netlify.misencillo.twa.Application
app.netlify.misencillo.twa.LauncherActivity
app.netlify.misencillo.twa.Application: Application()
app.netlify.misencillo.twa.LauncherActivity: LauncherActivity()
app.netlify.misencillo.twa.DelegationService: DelegationService()
...
androidx.appcompat.widget.SearchView$SearchAutoComplete: void setImeVisibility(boolean)
androidx.appcompat.widget.DialogTitle: DialogTitle(android.content.Context,android.util.AttributeSet)
androidx.core.view.ViewCompat$Api21Impl: boolean dispatchNestedPreScroll(android.view.View,int,int,int[],int[])
androidx.core.view.ViewCompat$Api28Impl: void setAccessibilityHeading(android.view.View,boolean)
androidx.appcompat.resources.Compatibility$Api21Impl: void inflate(android.graphics.drawable.Drawable,android.content.res.Resources,org.xmlpull.v1.XmlPullParser,android.util.AttributeSet,android.content.res.Resources$Theme)
androidx.core.widget.PopupWindowCompat$Api23Impl: void setOverlapAnchor(android.widget.PopupWindow,boolean)
androidx.appcompat.widget.Toolbar: void setLogoDescription(int)
androidx.lifecycle.ProcessLifecycleInitializer: ProcessLifecycleInitializer()
androidx.core.view.ViewCompat$Api21Impl: java.lang.String getTransitionName(android.view.View)
androidx.appcompat.widget.AppCompatTextView: androidx.appcompat.widget.AppCompatTextView$SuperCaller getSuperCaller()
androidx.appcompat.widget.AppCompatTextView: void setAllCaps(boolean)
androidx.appcompat.widget.AppCompatImageButton: void setImageLevel(int)
androidx.core.view.ViewCompat$Api21Impl: float getZ(android.view.View)
androidx.appcompat.widget.ActionBarOverlayLayout: void setWindowTitle(java.lang.CharSequence)
androidx.appcompat.widget.AppCompatTextHelper$Api26Impl: boolean setFontVariationSettings(android.widget.TextView,java.lang.String)
androidx.core.view.WindowInsetsCompat$BuilderImpl29: void setMandatorySystemGestureInsets(androidx.core.graphics.Insets)
androidx.appcompat.widget.ViewStubCompat: void setOnInflateListener(androidx.appcompat.widget.ViewStubCompat$OnInflateListener)
androidx.core.view.ViewParentCompat$Api21Impl: void onNestedScroll(android.view.ViewParent,android.view.View,int,int,int,int)
androidx.appcompat.widget.ListPopupWindow$Api24Impl: int getMaxAvailableHeight(android.widget.PopupWindow,android.view.View,int,boolean)
androidx.core.view.WindowInsetsCompat$Impl28: WindowInsetsCompat$Impl28(androidx.core.view.WindowInsetsCompat,android.view.WindowInsets)
androidx.vectordrawable.graphics.drawable.VectorDrawableCompat$VGroup: float getPivotY()
androidx.core.widget.ImageViewCompat$Api21Impl: void setImageTintMode(android.widget.ImageView,android.graphics.PorterDuff$Mode)
androidx.core.view.accessibility.AccessibilityNodeInfoCompat$Api30Impl: void setStateDescription(android.view.accessibility.AccessibilityNodeInfo,java.lang.CharSequence)
androidx.appcompat.widget.AppCompatTextView: void setCustomSelectionActionModeCallback(android.view.ActionMode$Callback)
androidx.core.view.WindowInsetsCompat$Impl20: boolean isRound()
androidx.appcompat.view.menu.ListMenuItemView: androidx.appcompat.view.menu.MenuItemImpl getItemData()
androidx.core.view.ViewParentCompat$Api21Impl: boolean onNestedPreFling(android.view.ViewParent,android.view.View,float,float)
androidx.vectordrawable.graphics.drawable.VectorDrawableCompat$VPath: void setPathData(androidx.core.graphics.PathParser$PathDataNode[])
androidx.appcompat.widget.AppCompatTextViewAutoSizeHelper$Impl: void computeAndSetTextDirection(android.text.StaticLayout$Builder,android.widget.TextView)
androidx.core.view.DisplayCutoutCompat$Api28Impl: android.view.DisplayCutout createDisplayCutout(android.graphics.Rect,java.util.List)
androidx.appcompat.widget.Toolbar: void setSubtitleTextColor(int)
androidx.core.graphics.drawable.DrawableCompat$Api23Impl: boolean setLayoutDirection(android.graphics.drawable.Drawable,int)
androidx.profileinstaller.ProfileInstallReceiver: ProfileInstallReceiver()
androidx.appcompat.widget.Toolbar: int getContentInsetLeft()
androidx.appcompat.view.menu.ListMenuItemView: void setIcon(android.graphics.drawable.Drawable)
androidx.appcompat.widget.ActionBarOverlayLayout: void setActionBarVisibilityCallback(androidx.appcompat.widget.ActionBarOverlayLayout$ActionBarVisibilityCallback)