android-app/build/outputs/mapping/release/mapping.txt
# compiler: R8
# compiler_version: 8.9.32
# min_api: 21
# common_typos_disable
# {"id":"com.android.tools.r8.mapping","version":"2.2"}
# pg_map_id: a464b4c
# pg_map_hash: SHA-256 a464b4c2cc2b51a0d05189f5c551f4859e74bc093b73f59630fbfe893f9d971c
app.netlify.misencillo.twa.Application -> app.netlify.misencillo.twa.Application:
# {"id":"sourceFile","fileName":"Application.java"}
    1:4:void <init>():20:20 -> <init>
    1:4:void onCreate():26:26 -> onCreate
app.netlify.misencillo.twa.DelegationService -> app.netlify.misencillo.twa.DelegationService:
# {"id":"sourceFile","fileName":"DelegationService.java"}
    1:4:void <init>():5:5 -> <init>
    1:4:void onCreate():9:9 -> onCreate
app.netlify.misencillo.twa.LauncherActivity -> app.netlify.misencillo.twa.LauncherActivity:
# {"id":"sourceFile","fileName":"LauncherActivity.java"}
    1:4:void <init>():25:25 -> <init>
    1:5:android.net.Uri getLaunchingUrl():48:48 -> i
    1:3:void onCreate(android.os.Bundle):33:33 -> onCreate
    4:11:void onCreate(android.os.Bundle):38:38 -> onCreate
    12:16:void onCreate(android.os.Bundle):39:39 -> onCreate
    17:20:void onCreate(android.os.Bundle):41:41 -> onCreate
...
androidx.emoji2.text.MetadataListReader$OffsetInfo -> androidx.emoji2.text.m$b:
# {"id":"sourceFile","fileName":"MetadataListReader.java"}
    long mStartOffset -> a
    long mLength -> b
    1:3:void <init>(long,long):171:171 -> <init>
    4:5:void <init>(long,long):172:172 -> <init>
    6:8:void <init>(long,long):173:173 -> <init>
    1:3:long getStartOffset():177:177 -> a
androidx.emoji2.text.MetadataListReader$OpenTypeReader -> androidx.emoji2.text.m$c:
# {"id":"sourceFile","fileName":"MetadataListReader.java"}
    int readUnsignedShort() -> a
    long readUnsignedInt() -> b
    int readTag() -> c
    void skip(int) -> d
    long getPosition() -> e
androidx.emoji2.text.MetadataRepo -> androidx.emoji2.text.n:
# {"id":"sourceFile","fileName":"MetadataRepo.java"}
    androidx.emoji2.text.flatbuffer.MetadataList mMetadataList -> a
      # {"id":"com.android.tools.r8.residualsignature","signature":"LD/b;"}
    char[] mEmojiCharArray -> b
    androidx.emoji2.text.MetadataRepo$Node mRootNode -> c
      # {"id":"com.android.tools.r8.residualsignature","signature":"Landroidx/emoji2/text/n$a;"}
    android.graphics.Typeface mTypeface -> d
    1:3:void <init>(android.graphics.Typeface,androidx.emoji2.text.flatbuffer.MetadataList):76:76 -> <init>
      # {"id":"com.android.tools.r8.residualsignature","signature":"(Landroid/graphics/Typeface;LD/b;)V"}
    4:5:void <init>(android.graphics.Typeface,androidx.emoji2.text.flatbuffer.MetadataList):77:77 -> <init>
    6:7:void <init>(android.graphics.Typeface,androidx.emoji2.text.flatbuffer.MetadataList):78:78 -> <init>
    8:16:void <init>(android.graphics.Typeface,androidx.emoji2.text.flatbuffer.MetadataList):79:79 -> <init>
    17:26:void <init>(android.graphics.Typeface,androidx.emoji2.text.flatbuffer.MetadataList):80:80 -> <init>
    27:30:void <init>(android.graphics.Typeface,androidx.emoji2.text.flatbuffer.MetadataList):81:81 -> <init>
    1:7:void constructIndex(androidx.emoji2.text.flatbuffer.MetadataList):161:161 -> a
      # {"id":"com.android.tools.r8.residualsignature","signature":"(LD/b;)V"}
androidx.emoji2.text.MetadataRepo$Node -> androidx.emoji2.text.n$a:
# {"id":"sourceFile","fileName":"MetadataRepo.java"}
    android.util.SparseArray mChildren -> a
    androidx.emoji2.text.TypefaceEmojiRasterizer mData -> b
      # {"id":"com.android.tools.r8.residualsignature","signature":"Landroidx/emoji2/text/p;"}
    1:1:void <init>():244:244 -> <init>
    2:3:void <init>(int):248:249 -> <init>
    1:13:androidx.emoji2.text.MetadataRepo$Node get(int):253:253 -> a
      # {"id":"com.android.tools.r8.residualsignature","signature":"(I)Landroidx/emoji2/text/n$a;"}
    1:3:androidx.emoji2.text.TypefaceEmojiRasterizer getData():257:257 -> b
      # {"id":"com.android.tools.r8.residualsignature","signature":"()Landroidx/emoji2/text/p;"}
    1:10:void put(androidx.emoji2.text.TypefaceEmojiRasterizer,int,int):262:262 -> c
      # {"id":"com.android.tools.r8.residualsignature","signature":"(Landroidx/emoji2/text/p;II)V"}
    11:15:void put(androidx.emoji2.text.TypefaceEmojiRasterizer,int,int):264:264 -> c
    16:28:void put(androidx.emoji2.text.TypefaceEmojiRasterizer,int,int):265:265 -> c
    29:32:void put(androidx.emoji2.text.TypefaceEmojiRasterizer,int,int):269:269 -> c
    33:35:void put(androidx.emoji2.text.TypefaceEmojiRasterizer,int,int):271:271 -> c