android-app/build/outputs/mapping/release/usage.txt
app.netlify.misencillo.twa.R$bool
app.netlify.misencillo.twa.R$color
app.netlify.misencillo.twa.R$drawable
app.netlify.misencillo.twa.R$integer
app.netlify.misencillo.twa.R$mipmap
app.netlify.misencillo.twa.R$raw
app.netlify.misencillo.twa.R$string
app.netlify.misencillo.twa.R$xml
app.netlify.misencillo.twa.R
...
com.google.common.collect.ForwardingNavigableMap$StandardDescendingMap
com.google.common.collect.ForwardingNavigableMap$StandardNavigableKeySet
com.google.common.collect.ForwardingNavigableMap
com.google.common.collect.ForwardingNavigableSet$StandardDescendingSet
com.google.common.collect.ForwardingNavigableSet
com.google.common.collect.ForwardingObject
com.google.common.collect.ForwardingQueue
com.google.common.collect.ForwardingSet
com.google.common.collect.ForwardingSetMultimap
com.google.common.collect.ForwardingSortedMap$StandardKeySet
com.google.common.collect.ForwardingSortedMap
com.google.common.collect.ForwardingSortedMultiset$StandardDescendingMultiset
com.google.common.collect.ForwardingSortedMultiset$StandardElementSet
com.google.common.collect.ForwardingSortedMultiset
com.google.common.collect.ForwardingSortedSet
com.google.common.collect.ForwardingSortedSetMultimap
com.google.common.collect.ForwardingTable
com.google.common.collect.GeneralRange
com.google.common.collect.GwtTransient
com.google.common.collect.HashBasedTable$Factory
com.google.common.collect.HashBasedTable
com.google.common.collect.HashBiMap$EntryForKey
com.google.common.collect.HashBiMap$EntryForValue
com.google.common.collect.HashBiMap$EntrySet
com.google.common.collect.HashBiMap$Inverse
com.google.common.collect.HashBiMap$InverseEntrySet
com.google.common.collect.HashBiMap$KeySet
com.google.common.collect.HashBiMap$ValueSet
com.google.common.collect.HashBiMap$View$1
com.google.common.collect.HashBiMap$View
com.google.common.collect.HashBiMap
com.google.common.collect.HashMultimap
com.google.common.collect.HashMultimapGwtSerializationDependencies
com.google.common.collect.HashMultiset
com.google.common.collect.Hashing:
    private static final long C1
    private static final long C2
    private static final int MAX_TABLE_SIZE
    private void <init>()
    static int closedTableSize(int,double)
    static boolean needsResizing(int,int,double)
    static int smearedHash(java.lang.Object)
com.google.common.collect.IgnoreJRERequirement
com.google.common.collect.ImmutableAsList$SerializedForm
com.google.common.collect.ImmutableAsList
com.google.common.collect.ImmutableBiMap$Builder
com.google.common.collect.ImmutableBiMap$SerializedForm
com.google.common.collect.ImmutableBiMap
com.google.common.collect.ImmutableClassToInstanceMap$1
com.google.common.collect.ImmutableClassToInstanceMap$Builder
com.google.common.collect.ImmutableClassToInstanceMap
com.google.common.collect.ImmutableCollection$ArrayBasedBuilder
com.google.common.collect.ImmutableCollection$Builder
com.google.common.collect.ImmutableCollection:
    static final int SPLITERATOR_CHARACTERISTICS
    private static final long serialVersionUID
    public com.google.common.collect.ImmutableList asList()
    abstract boolean isPartialView()
    public abstract com.google.common.collect.UnmodifiableIterator iterator()
    public synthetic bridge java.util.Iterator iterator()
    private void readObject(java.io.ObjectInputStream)
    java.lang.Object writeReplace()
com.google.common.collect.ImmutableEntry
com.google.common.collect.ImmutableEnumMap$1
com.google.common.collect.ImmutableEnumMap$EnumSerializedForm
com.google.common.collect.ImmutableEnumMap
com.google.common.collect.ImmutableEnumSet$1
com.google.common.collect.ImmutableEnumSet$EnumSerializedForm
com.google.common.collect.ImmutableEnumSet
com.google.common.collect.ImmutableList$Builder
com.google.common.collect.ImmutableList$ReverseImmutableList
com.google.common.collect.ImmutableList$SerializedForm
com.google.common.collect.ImmutableList$SubList:
    boolean isPartialView()
    java.lang.Object writeReplace()